
{"message":"Connected to mongodb://localhost/TranquilFortress...","level":"info","timestamp":"2021-08-28 03:34:35 AM +0500"}
{"message":"Connected to mongodb://localhost/TranquilFortress...","level":"info","timestamp":"2021-08-28 03:35:17 AM +0500"}
{"message":"Listening on port 3000...","level":"info","timestamp":"2021-08-28 03:35:31 AM +0500"}
{"message":"Connected to mongodb://localhost/TranquilFortress...","level":"info","timestamp":"2021-08-28 03:35:31 AM +0500"}
{"message":"Listening on port 3000...","level":"info","timestamp":"2021-08-28 03:48:12 AM +0500"}
{"message":"Connected to mongodb://localhost/TranquilFortress...","level":"info","timestamp":"2021-08-28 03:48:12 AM +0500"}
{"message":"Listening on port 3000...","level":"info","timestamp":"2021-08-28 03:52:47 AM +0500"}
{"message":"Connected to mongodb://localhost/TranquilFortress...","level":"info","timestamp":"2021-08-28 03:52:47 AM +0500"}
{"message":"Listening on port 3000...","level":"info","timestamp":"2021-08-28 04:00:07 AM +0500"}
{"message":"Connected to mongodb://localhost/TranquilFortress...","level":"info","timestamp":"2021-08-28 04:00:07 AM +0500"}
{"message":"Listening on port 3000...","level":"info","timestamp":"2021-08-28 04:00:30 AM +0500"}
{"message":"Connected to mongodb://localhost/TranquilFortress...","level":"info","timestamp":"2021-08-28 04:00:30 AM +0500"}
{"stringValue":"\"horror\"","kind":"ObjectId","value":"horror","path":"_id","reason":{},"level":"error","message":"Cast to ObjectId failed for value \"horror\" at path \"_id\" for model \"Movies\" Cast to ObjectId failed for value \"horror\" at path \"_id\" for model \"Movies\"","stack":"CastError: Cast to ObjectId failed for value \"horror\" at path \"_id\" for model \"Movies\"\n    at model.Query.exec (D:\\Web Development\\node-course\\TranquilFortress\\node_modules\\mongoose\\lib\\query.js:4408:21)\n    at model.Query.Query.then (D:\\Web Development\\node-course\\TranquilFortress\\node_modules\\mongoose\\lib\\query.js:4502:15)\n    at processTicksAndRejections (internal/process/task_queues.js:93:5)","timestamp":"2021-08-28 04:01:21 AM +0500"}
{"message":"Listening on port 3000...","level":"info","timestamp":"2021-08-28 04:07:41 AM +0500"}
{"message":"Connected to mongodb://localhost/TranquilFortress...","level":"info","timestamp":"2021-08-28 04:07:41 AM +0500"}
{"message":"Listening on port 3000...","level":"info","timestamp":"2021-08-28 04:12:12 AM +0500"}
{"message":"Connected to mongodb://localhost/TranquilFortress...","level":"info","timestamp":"2021-08-28 04:12:12 AM +0500"}
{"message":"Listening on port 3000...","level":"info","timestamp":"2021-08-28 04:15:37 AM +0500"}
{"message":"Connected to mongodb://localhost/TranquilFortress...","level":"info","timestamp":"2021-08-28 04:15:37 AM +0500"}
{"message":"Listening on port 3000...","level":"info","timestamp":"2021-08-28 04:15:54 AM +0500"}
{"message":"Connected to mongodb://localhost/TranquilFortress...","level":"info","timestamp":"2021-08-28 04:15:54 AM +0500"}
{"message":"Listening on port 3000...","level":"info","timestamp":"2021-08-28 04:16:19 AM +0500"}
{"message":"Connected to mongodb://localhost/TranquilFortress...","level":"info","timestamp":"2021-08-28 04:16:19 AM +0500"}
{"message":"Listening on port 3000...","level":"info","timestamp":"2021-08-28 04:16:48 AM +0500"}
{"message":"Connected to mongodb://localhost/TranquilFortress...","level":"info","timestamp":"2021-08-28 04:16:48 AM +0500"}
{"message":"Listening on port 3000...","level":"info","timestamp":"2021-08-28 04:17:02 AM +0500"}
{"message":"Connected to mongodb://localhost/TranquilFortress...","level":"info","timestamp":"2021-08-28 04:17:02 AM +0500"}
{"message":"Listening on port 3000...","level":"info","timestamp":"2021-08-28 04:17:33 AM +0500"}
{"message":"Connected to mongodb://localhost/TranquilFortress...","level":"info","timestamp":"2021-08-28 04:17:33 AM +0500"}
{"message":"Listening on port 3000...","level":"info","timestamp":"2021-08-28 04:18:14 AM +0500"}
{"message":"Connected to mongodb://localhost/TranquilFortress...","level":"info","timestamp":"2021-08-28 04:18:14 AM +0500"}
{"message":"Listening on port 3000...","level":"info","timestamp":"2021-08-28 04:18:35 AM +0500"}
{"message":"Connected to mongodb://localhost/TranquilFortress...","level":"info","timestamp":"2021-08-28 04:18:35 AM +0500"}
{"message":"Listening on port 3000...","level":"info","timestamp":"2021-08-28 04:19:06 AM +0500"}
{"message":"Connected to mongodb://localhost/TranquilFortress...","level":"info","timestamp":"2021-08-28 04:19:06 AM +0500"}
{"level":"error","message":"Movie.findMany is not a function Movie.findMany is not a function","stack":"TypeError: Movie.findMany is not a function\n    at D:\\Web Development\\node-course\\TranquilFortress\\routes\\movies.js:75:29\n    at newFn (D:\\Web Development\\node-course\\TranquilFortress\\node_modules\\express-async-errors\\index.js:16:20)\n    at Layer.handle [as handle_request] (D:\\Web Development\\node-course\\TranquilFortress\\node_modules\\express\\lib\\router\\layer.js:95:5)\n    at next (D:\\Web Development\\node-course\\TranquilFortress\\node_modules\\express\\lib\\router\\route.js:137:13)\n    at Route.dispatch (D:\\Web Development\\node-course\\TranquilFortress\\node_modules\\express\\lib\\router\\route.js:112:3)\n    at newFn (D:\\Web Development\\node-course\\TranquilFortress\\node_modules\\express-async-errors\\index.js:16:20)\n    at Layer.handle [as handle_request] (D:\\Web Development\\node-course\\TranquilFortress\\node_modules\\express\\lib\\router\\layer.js:95:5)\n    at D:\\Web Development\\node-course\\TranquilFortress\\node_modules\\express\\lib\\router\\index.js:281:22\n    at param (D:\\Web Development\\node-course\\TranquilFortress\\node_modules\\express\\lib\\router\\index.js:354:14)\n    at param (D:\\Web Development\\node-course\\TranquilFortress\\node_modules\\express\\lib\\router\\index.js:365:14)\n    at Function.process_params (D:\\Web Development\\node-course\\TranquilFortress\\node_modules\\express\\lib\\router\\index.js:410:3)\n    at next (D:\\Web Development\\node-course\\TranquilFortress\\node_modules\\express\\lib\\router\\index.js:275:10)\n    at Function.handle (D:\\Web Development\\node-course\\TranquilFortress\\node_modules\\express\\lib\\router\\index.js:174:3)\n    at router (D:\\Web Development\\node-course\\TranquilFortress\\node_modules\\express\\lib\\router\\index.js:47:12)\n    at newFn (D:\\Web Development\\node-course\\TranquilFortress\\node_modules\\express-async-errors\\index.js:16:20)\n    at Layer.handle [as handle_request] (D:\\Web Development\\node-course\\TranquilFortress\\node_modules\\express\\lib\\router\\layer.js:95:5)\n    at trim_prefix (D:\\Web Development\\node-course\\TranquilFortress\\node_modules\\express\\lib\\router\\index.js:317:13)\n    at D:\\Web Development\\node-course\\TranquilFortress\\node_modules\\express\\lib\\router\\index.js:284:7\n    at Function.process_params (D:\\Web Development\\node-course\\TranquilFortress\\node_modules\\express\\lib\\router\\index.js:335:12)\n    at next (D:\\Web Development\\node-course\\TranquilFortress\\node_modules\\express\\lib\\router\\index.js:275:10)\n    at jsonParser (D:\\Web Development\\node-course\\TranquilFortress\\node_modules\\body-parser\\lib\\types\\json.js:110:7)\n    at newFn (D:\\Web Development\\node-course\\TranquilFortress\\node_modules\\express-async-errors\\index.js:16:20)","timestamp":"2021-08-28 04:19:09 AM +0500"}
{"level":"error","message":"Movie.findMany is not a function Movie.findMany is not a function","stack":"TypeError: Movie.findMany is not a function\n    at D:\\Web Development\\node-course\\TranquilFortress\\routes\\movies.js:75:29\n    at newFn (D:\\Web Development\\node-course\\TranquilFortress\\node_modules\\express-async-errors\\index.js:16:20)\n    at Layer.handle [as handle_request] (D:\\Web Development\\node-course\\TranquilFortress\\node_modules\\express\\lib\\router\\layer.js:95:5)\n    at next (D:\\Web Development\\node-course\\TranquilFortress\\node_modules\\express\\lib\\router\\route.js:137:13)\n    at Route.dispatch (D:\\Web Development\\node-course\\TranquilFortress\\node_modules\\express\\lib\\router\\route.js:112:3)\n    at newFn (D:\\Web Development\\node-course\\TranquilFortress\\node_modules\\express-async-errors\\index.js:16:20)\n    at Layer.handle [as handle_request] (D:\\Web Development\\node-course\\TranquilFortress\\node_modules\\express\\lib\\router\\layer.js:95:5)\n    at D:\\Web Development\\node-course\\TranquilFortress\\node_modules\\express\\lib\\router\\index.js:281:22\n    at param (D:\\Web Development\\node-course\\TranquilFortress\\node_modules\\express\\lib\\router\\index.js:354:14)\n    at param (D:\\Web Development\\node-course\\TranquilFortress\\node_modules\\express\\lib\\router\\index.js:365:14)\n    at Function.process_params (D:\\Web Development\\node-course\\TranquilFortress\\node_modules\\express\\lib\\router\\index.js:410:3)\n    at next (D:\\Web Development\\node-course\\TranquilFortress\\node_modules\\express\\lib\\router\\index.js:275:10)\n    at Function.handle (D:\\Web Development\\node-course\\TranquilFortress\\node_modules\\express\\lib\\router\\index.js:174:3)\n    at router (D:\\Web Development\\node-course\\TranquilFortress\\node_modules\\express\\lib\\router\\index.js:47:12)\n    at newFn (D:\\Web Development\\node-course\\TranquilFortress\\node_modules\\express-async-errors\\index.js:16:20)\n    at Layer.handle [as handle_request] (D:\\Web Development\\node-course\\TranquilFortress\\node_modules\\express\\lib\\router\\layer.js:95:5)\n    at trim_prefix (D:\\Web Development\\node-course\\TranquilFortress\\node_modules\\express\\lib\\router\\index.js:317:13)\n    at D:\\Web Development\\node-course\\TranquilFortress\\node_modules\\express\\lib\\router\\index.js:284:7\n    at Function.process_params (D:\\Web Development\\node-course\\TranquilFortress\\node_modules\\express\\lib\\router\\index.js:335:12)\n    at next (D:\\Web Development\\node-course\\TranquilFortress\\node_modules\\express\\lib\\router\\index.js:275:10)\n    at jsonParser (D:\\Web Development\\node-course\\TranquilFortress\\node_modules\\body-parser\\lib\\types\\json.js:110:7)\n    at newFn (D:\\Web Development\\node-course\\TranquilFortress\\node_modules\\express-async-errors\\index.js:16:20)","timestamp":"2021-08-28 04:19:10 AM +0500"}
{"message":"Listening on port 3000...","level":"info","timestamp":"2021-08-28 04:22:36 AM +0500"}
{"message":"Connected to mongodb://localhost/TranquilFortress...","level":"info","timestamp":"2021-08-28 04:22:36 AM +0500"}
{"stringValue":"\"action\"","kind":"ObjectId","value":"action","path":"_id","reason":{},"level":"error","message":"Cast to ObjectId failed for value \"action\" at path \"_id\" for model \"Movies\" Cast to ObjectId failed for value \"action\" at path \"_id\" for model \"Movies\"","stack":"CastError: Cast to ObjectId failed for value \"action\" at path \"_id\" for model \"Movies\"\n    at model.Query.exec (D:\\Web Development\\node-course\\TranquilFortress\\node_modules\\mongoose\\lib\\query.js:4408:21)\n    at model.Query.Query.then (D:\\Web Development\\node-course\\TranquilFortress\\node_modules\\mongoose\\lib\\query.js:4502:15)\n    at processTicksAndRejections (internal/process/task_queues.js:93:5)","timestamp":"2021-08-28 04:22:41 AM +0500"}
{"message":"Listening on port 3000...","level":"info","timestamp":"2021-08-28 04:23:22 AM +0500"}
{"message":"Connected to mongodb://localhost/TranquilFortress...","level":"info","timestamp":"2021-08-28 04:23:22 AM +0500"}
{"message":"Listening on port 3000...","level":"info","timestamp":"2021-08-28 04:24:15 AM +0500"}
{"message":"Connected to mongodb://localhost/TranquilFortress...","level":"info","timestamp":"2021-08-28 04:24:15 AM +0500"}
{"message":"Listening on port 3000...","level":"info","timestamp":"2021-08-28 04:24:25 AM +0500"}
{"message":"Connected to mongodb://localhost/TranquilFortress...","level":"info","timestamp":"2021-08-28 04:24:25 AM +0500"}
{"message":"Listening on port 3000...","level":"info","timestamp":"2021-08-28 04:24:53 AM +0500"}
{"message":"Connected to mongodb://localhost/TranquilFortress...","level":"info","timestamp":"2021-08-28 04:24:53 AM +0500"}
{"message":"Listening on port 3000...","level":"info","timestamp":"2021-08-28 04:25:00 AM +0500"}
{"message":"Connected to mongodb://localhost/TranquilFortress...","level":"info","timestamp":"2021-08-28 04:25:00 AM +0500"}
{"message":"Listening on port 3000...","level":"info","timestamp":"2021-08-28 04:26:52 AM +0500"}
{"message":"Connected to mongodb://localhost/TranquilFortress...","level":"info","timestamp":"2021-08-28 04:26:52 AM +0500"}
{"message":"Listening on port 3000...","level":"info","timestamp":"2021-08-28 04:28:29 AM +0500"}
{"message":"Connected to mongodb://localhost/TranquilFortress...","level":"info","timestamp":"2021-08-28 04:28:29 AM +0500"}
{"message":"Listening on port 3000...","level":"info","timestamp":"2021-08-28 04:29:48 AM +0500"}
{"message":"Connected to mongodb://localhost/TranquilFortress...","level":"info","timestamp":"2021-08-28 04:29:48 AM +0500"}
{"message":"Listening on port 3000...","level":"info","timestamp":"2021-08-28 04:30:04 AM +0500"}
{"message":"Connected to mongodb://localhost/TranquilFortress...","level":"info","timestamp":"2021-08-28 04:30:04 AM +0500"}
{"message":"Listening on port 3000...","level":"info","timestamp":"2021-08-28 04:33:10 AM +0500"}
{"message":"Connected to mongodb://localhost/TranquilFortress...","level":"info","timestamp":"2021-08-28 04:33:10 AM +0500"}
{"message":"Listening on port 3000...","level":"info","timestamp":"2021-08-28 04:33:49 AM +0500"}
{"message":"Connected to mongodb://localhost/TranquilFortress...","level":"info","timestamp":"2021-08-28 04:33:49 AM +0500"}
{"message":"Listening on port 3000...","level":"info","timestamp":"2021-08-28 04:39:12 AM +0500"}
{"message":"Connected to mongodb://localhost/TranquilFortress...","level":"info","timestamp":"2021-08-28 04:39:12 AM +0500"}
{"message":"Listening on port 3000...","level":"info","timestamp":"2021-08-28 04:39:24 AM +0500"}
{"message":"Connected to mongodb://localhost/TranquilFortress...","level":"info","timestamp":"2021-08-28 04:39:24 AM +0500"}
{"message":"Listening on port 3000...","level":"info","timestamp":"2021-08-28 04:40:43 AM +0500"}
{"message":"Connected to mongodb://localhost/TranquilFortress...","level":"info","timestamp":"2021-08-28 04:40:43 AM +0500"}
{"message":"Listening on port 3000...","level":"info","timestamp":"2021-08-28 04:40:56 AM +0500"}
{"message":"Connected to mongodb://localhost/TranquilFortress...","level":"info","timestamp":"2021-08-28 04:40:56 AM +0500"}
{"message":"Listening on port 3000...","level":"info","timestamp":"2021-08-28 04:44:40 AM +0500"}
{"message":"Connected to mongodb://localhost/TranquilFortress...","level":"info","timestamp":"2021-08-28 04:44:40 AM +0500"}
